<?xml version="1.0" encoding="UTF-8"?>
<!-- Generated by org.testng.reporters.JUnitXMLReporter -->
<testsuite ignored="0" hostname="LAPTOP-TGI88RFU" failures="0" tests="3" name="Command line test" time="92.355" errors="0" timestamp="2025-07-30T13:42:14 IST">
  <testcase classname="tests.SignupTest" name="testSuccessfulSignup" time="42.795"/>
  <testcase classname="tests.LoginTest" name="testInvalidLogin" time="8.906"/>
  <testcase classname="tests.LoginTest" name="testLoginAfterSignup" time="7.865"/>
</testsuite> <!-- Command line test -->
