<?xml version="1.0" encoding="UTF-8"?>
<!-- Generated by org.testng.reporters.JUnitXMLReporter -->
<testsuite ignored="0" hostname="LAPTOP-TGI88RFU" failures="0" tests="3" name="Command line test" time="85.459" errors="0" timestamp="2025-07-25T22:42:08 IST">
  <testcase classname="tests.SignupTest" name="testSuccessfulSignup" time="43.121"/>
  <testcase classname="tests.LoginTest" name="testInvalidLogin" time="7.78"/>
  <testcase classname="tests.LoginTest" name="testLoginAfterSignup" time="7.775"/>
</testsuite> <!-- Command line test -->
