<?xml version="1.0" encoding="UTF-8"?>
<!-- Generated by org.testng.reporters.JUnitXMLReporter -->
<testsuite ignored="0" hostname="LAPTOP-TGI88RFU" failures="1" tests="3" name="Command line test" time="62.169" errors="0" timestamp="2026-04-25T23:12:36 IST">
  <testcase classname="tests.SignupTest" name="testSuccessfulSignup" time="25.668">
    <failure type="org.openqa.selenium.ElementClickInterceptedException" message="element click intercepted: Element &amp;lt;a href=&amp;quot;https://cog-qa-v2.incubatelabs.com/user/sign_out&amp;quot; id=&amp;quot;SideBarLinkSign&amp;quot;&amp;gt;...&amp;lt;/a&amp;gt; is not clickable at point (145, 666). Other element would receive the click: &amp;lt;div role=&amp;quot;dialog&amp;quot; aria-labelledby=&amp;quot;lcc-modal-alert-label&amp;quot; aria-describedby=&amp;quot;lcc-modal-alert-desc&amp;quot; aria-modal=&amp;quot;true&amp;quot; class=&amp;quot;lcc-modal lcc-modal--alert js-lcc-modal js-lcc-modal-alert&amp;quot; style=&amp;quot;font-family: sans-serif !important;&amp;quot; data-cookie-key=&amp;quot;__cookie_consent&amp;quot; data-cookie-value-analytics=&amp;quot;2&amp;quot; data-cookie-value-marketing=&amp;quot;3&amp;quot; data-cookie-value-both=&amp;quot;true&amp;quot; data-cookie-value-none=&amp;quot;false&amp;quot; data-cookie-expiration-days=&amp;quot;365&amp;quot; data-gtm-event=&amp;quot;cookie_refresh&amp;quot; data-ignored-paths=&amp;quot;&amp;quot;&amp;gt;...&amp;lt;/div&amp;gt;
  (Session info: chrome=147.0.7727.102)
Build info: version: &amp;apos;4.34.0&amp;apos;, revision: &amp;apos;707dcb4246*&amp;apos;
System info: os.name: &amp;apos;Windows 11&amp;apos;, os.arch: &amp;apos;amd64&amp;apos;, os.version: &amp;apos;10.0&amp;apos;, java.version: &amp;apos;17.0.6&amp;apos;
Driver info: org.openqa.selenium.chrome.ChromeDriver
Command: [8d73397a09a1b0554d35bfa0dfa56957, clickElement {id=f.F5FB06BB5F5726CAF144D1920F88DFE2.d.D40E9F57F11FDC77C6C88CA10A54C503.e.491}]
Capabilities {acceptInsecureCerts: false, browserName: chrome, browserVersion: 147.0.7727.102, chrome: {chromedriverVersion: 147.0.7727.117 (474cc805edd..., userDataDir: C:\Users\wwwda\AppData\Loca...}, fedcm:accounts: true, goog:chromeOptions: {debuggerAddress: localhost:59930}, goog:processID: 9468, networkConnectionEnabled: false, pageLoadStrategy: normal, platformName: windows, proxy: Proxy(), se:cdp: ws://localhost:59930/devtoo..., se:cdpVersion: 147.0.7727.102, setWindowRect: true, strictFileInteractability: false, timeouts: {implicit: 0, pageLoad: 300000, script: 30000}, unhandledPromptBehavior: dismiss and notify, webauthn:extension:credBlob: true, webauthn:extension:largeBlob: true, webauthn:extension:minPinLength: true, webauthn:extension:prf: true, webauthn:virtualAuthenticators: true}
Element: [[ChromeDriver: chrome on windows (8d73397a09a1b0554d35bfa0dfa56957)] -&amp;gt; xpath: //a[@id=&amp;apos;SideBarLinkSign&amp;apos;]]
Session ID: 8d73397a09a1b0554d35bfa0dfa56957">
      <![CDATA[org.openqa.selenium.ElementClickInterceptedException: element click intercepted: Element <a href="https://cog-qa-v2.incubatelabs.com/user/sign_out" id="SideBarLinkSign">...</a> is not clickable at point (145, 666). Other element would receive the click: <div role="dialog" aria-labelledby="lcc-modal-alert-label" aria-describedby="lcc-modal-alert-desc" aria-modal="true" class="lcc-modal lcc-modal--alert js-lcc-modal js-lcc-modal-alert" style="font-family: sans-serif !important;" data-cookie-key="__cookie_consent" data-cookie-value-analytics="2" data-cookie-value-marketing="3" data-cookie-value-both="true" data-cookie-value-none="false" data-cookie-expiration-days="365" data-gtm-event="cookie_refresh" data-ignored-paths="">...</div>
  (Session info: chrome=147.0.7727.102)
Build info: version: '4.34.0', revision: '707dcb4246*'
System info: os.name: 'Windows 11', os.arch: 'amd64', os.version: '10.0', java.version: '17.0.6'
Driver info: org.openqa.selenium.chrome.ChromeDriver
Command: [8d73397a09a1b0554d35bfa0dfa56957, clickElement {id=f.F5FB06BB5F5726CAF144D1920F88DFE2.d.D40E9F57F11FDC77C6C88CA10A54C503.e.491}]
Capabilities {acceptInsecureCerts: false, browserName: chrome, browserVersion: 147.0.7727.102, chrome: {chromedriverVersion: 147.0.7727.117 (474cc805edd..., userDataDir: C:\Users\wwwda\AppData\Loca...}, fedcm:accounts: true, goog:chromeOptions: {debuggerAddress: localhost:59930}, goog:processID: 9468, networkConnectionEnabled: false, pageLoadStrategy: normal, platformName: windows, proxy: Proxy(), se:cdp: ws://localhost:59930/devtoo..., se:cdpVersion: 147.0.7727.102, setWindowRect: true, strictFileInteractability: false, timeouts: {implicit: 0, pageLoad: 300000, script: 30000}, unhandledPromptBehavior: dismiss and notify, webauthn:extension:credBlob: true, webauthn:extension:largeBlob: true, webauthn:extension:minPinLength: true, webauthn:extension:prf: true, webauthn:virtualAuthenticators: true}
Element: [[ChromeDriver: chrome on windows (8d73397a09a1b0554d35bfa0dfa56957)] -> xpath: //a[@id='SideBarLinkSign']]
Session ID: 8d73397a09a1b0554d35bfa0dfa56957
at org.openqa.selenium.remote.ErrorCodec.decode(ErrorCodec.java:167)
at org.openqa.selenium.remote.codec.w3c.W3CHttpResponseCodec.decode(W3CHttpResponseCodec.java:138)
at org.openqa.selenium.remote.codec.w3c.W3CHttpResponseCodec.decode(W3CHttpResponseCodec.java:50)
at org.openqa.selenium.remote.HttpCommandExecutor.execute(HttpCommandExecutor.java:215)
at org.openqa.selenium.remote.service.DriverCommandExecutor.invokeExecute(DriverCommandExecutor.java:216)
at org.openqa.selenium.remote.service.DriverCommandExecutor.execute(DriverCommandExecutor.java:174)
at org.openqa.selenium.remote.RemoteWebDriver.execute(RemoteWebDriver.java:544)
at org.openqa.selenium.remote.RemoteWebElement.execute(RemoteWebElement.java:223)
at org.openqa.selenium.remote.RemoteWebElement.click(RemoteWebElement.java:76)
at org.openqa.selenium.support.pagefactory.internal.LocatingElementHandler.invoke(LocatingElementHandler.java:51)
at jdk.proxy2/jdk.proxy2.$Proxy9.click(Unknown Source)
at org.example.pages.SignupPage.scrollAndClickLogout(SignupPage.java:114)
at tests.SignupTest.testSuccessfulSignup(SignupTest.java:44)
at java.base/java.util.ArrayList.forEach(ArrayList.java:1511)
at runners.TestRunner.main(TestRunner.java:19)
... Removed 33 stack frames]]>
    </failure>
  </testcase> <!-- testSuccessfulSignup -->
  <testcase classname="tests.LoginTest" name="testInvalidLogin" time="7.187"/>
  <testcase classname="tests.LoginTest" name="testLoginAfterSignup" time="8.168"/>
</testsuite> <!-- Command line test -->
