<?xml version="1.0" encoding="UTF-8"?>
<!-- Generated by org.testng.reporters.JUnitReportReporter -->
<testsuite hostname="LAPTOP-TGI88RFU" failures="0" tests="1" name="tests.SignupTest" time="33.961" errors="1" timestamp="2026-04-25T23:12:36 IST" skipped="0">
  <testcase classname="tests.SignupTest" name="testSuccessfulSignup" time="33.961">
    <error message="element click intercepted: Element &lt;a href=&quot;https://cog-qa-v2.incubatelabs.com/user/sign_out&quot; id=&quot;SideBarLinkSign&quot;&gt;...&lt;/a&gt; is not clickable at point (145, 666). Other element would receive the click: &lt;div role=&quot;dialog&quot; aria-labelledby=&quot;lcc-modal-alert-label&quot; aria-describedby=&quot;lcc-modal-alert-desc&quot; aria-modal=&quot;true&quot; class=&quot;lcc-modal lcc-modal--alert js-lcc-modal js-lcc-modal-alert&quot; style=&quot;font-family: sans-serif !important;&quot; data-cookie-key=&quot;__cookie_consent&quot; data-cookie-value-analytics=&quot;2&quot; data-cookie-value-marketing=&quot;3&quot; data-cookie-value-both=&quot;true&quot; data-cookie-value-none=&quot;false&quot; data-cookie-expiration-days=&quot;365&quot; data-gtm-event=&quot;cookie_refresh&quot; data-ignored-paths=&quot;&quot;&gt;...&lt;/div&gt;
  (Session info: chrome=147.0.7727.102)
Build info: version: &#039;4.34.0&#039;, revision: &#039;707dcb4246*&#039;
System info: os.name: &#039;Windows 11&#039;, os.arch: &#039;amd64&#039;, os.version: &#039;10.0&#039;, java.version: &#039;17.0.6&#039;
Driver info: org.openqa.selenium.chrome.ChromeDriver
Command: [8d73397a09a1b0554d35bfa0dfa56957, clickElement {id=f.F5FB06BB5F5726CAF144D1920F88DFE2.d.D40E9F57F11FDC77C6C88CA10A54C503.e.491}]
Capabilities {acceptInsecureCerts: false, browserName: chrome, browserVersion: 147.0.7727.102, chrome: {chromedriverVersion: 147.0.7727.117 (474cc805edd..., userDataDir: C:\Users\wwwda\AppData\Loca...}, fedcm:accounts: true, goog:chromeOptions: {debuggerAddress: localhost:59930}, goog:processID: 9468, networkConnectionEnabled: false, pageLoadStrategy: normal, platformName: windows, proxy: Proxy(), se:cdp: ws://localhost:59930/devtoo..., se:cdpVersion: 147.0.7727.102, setWindowRect: true, strictFileInteractability: false, timeouts: {implicit: 0, pageLoad: 300000, script: 30000}, unhandledPromptBehavior: dismiss and notify, webauthn:extension:credBlob: true, webauthn:extension:largeBlob: true, webauthn:extension:minPinLength: true, webauthn:extension:prf: true, webauthn:virtualAuthenticators: true}
Element: [[ChromeDriver: chrome on windows (8d73397a09a1b0554d35bfa0dfa56957)] -&gt; xpath: //a[@id=&#039;SideBarLinkSign&#039;]]
Session ID: 8d73397a09a1b0554d35bfa0dfa56957" type="org.openqa.selenium.ElementClickInterceptedException">
      <![CDATA[org.openqa.selenium.ElementClickInterceptedException: element click intercepted: Element <a href="https://cog-qa-v2.incubatelabs.com/user/sign_out" id="SideBarLinkSign">...</a> is not clickable at point (145, 666). Other element would receive the click: <div role="dialog" aria-labelledby="lcc-modal-alert-label" aria-describedby="lcc-modal-alert-desc" aria-modal="true" class="lcc-modal lcc-modal--alert js-lcc-modal js-lcc-modal-alert" style="font-family: sans-serif !important;" data-cookie-key="__cookie_consent" data-cookie-value-analytics="2" data-cookie-value-marketing="3" data-cookie-value-both="true" data-cookie-value-none="false" data-cookie-expiration-days="365" data-gtm-event="cookie_refresh" data-ignored-paths="">...</div>
  (Session info: chrome=147.0.7727.102)
Build info: version: '4.34.0', revision: '707dcb4246*'
System info: os.name: 'Windows 11', os.arch: 'amd64', os.version: '10.0', java.version: '17.0.6'
Driver info: org.openqa.selenium.chrome.ChromeDriver
Command: [8d73397a09a1b0554d35bfa0dfa56957, clickElement {id=f.F5FB06BB5F5726CAF144D1920F88DFE2.d.D40E9F57F11FDC77C6C88CA10A54C503.e.491}]
Capabilities {acceptInsecureCerts: false, browserName: chrome, browserVersion: 147.0.7727.102, chrome: {chromedriverVersion: 147.0.7727.117 (474cc805edd..., userDataDir: C:\Users\wwwda\AppData\Loca...}, fedcm:accounts: true, goog:chromeOptions: {debuggerAddress: localhost:59930}, goog:processID: 9468, networkConnectionEnabled: false, pageLoadStrategy: normal, platformName: windows, proxy: Proxy(), se:cdp: ws://localhost:59930/devtoo..., se:cdpVersion: 147.0.7727.102, setWindowRect: true, strictFileInteractability: false, timeouts: {implicit: 0, pageLoad: 300000, script: 30000}, unhandledPromptBehavior: dismiss and notify, webauthn:extension:credBlob: true, webauthn:extension:largeBlob: true, webauthn:extension:minPinLength: true, webauthn:extension:prf: true, webauthn:virtualAuthenticators: true}
Element: [[ChromeDriver: chrome on windows (8d73397a09a1b0554d35bfa0dfa56957)] -> xpath: //a[@id='SideBarLinkSign']]
Session ID: 8d73397a09a1b0554d35bfa0dfa56957
at java.base/jdk.internal.reflect.NativeConstructorAccessorImpl.newInstance0(Native Method)
at java.base/jdk.internal.reflect.NativeConstructorAccessorImpl.newInstance(NativeConstructorAccessorImpl.java:77)
at java.base/jdk.internal.reflect.DelegatingConstructorAccessorImpl.newInstance(DelegatingConstructorAccessorImpl.java:45)
at java.base/java.lang.reflect.Constructor.newInstanceWithCaller(Constructor.java:499)
at java.base/java.lang.reflect.Constructor.newInstance(Constructor.java:480)
at org.openqa.selenium.remote.ErrorCodec.decode(ErrorCodec.java:167)
at org.openqa.selenium.remote.codec.w3c.W3CHttpResponseCodec.decode(W3CHttpResponseCodec.java:138)
at org.openqa.selenium.remote.codec.w3c.W3CHttpResponseCodec.decode(W3CHttpResponseCodec.java:50)
at org.openqa.selenium.remote.HttpCommandExecutor.execute(HttpCommandExecutor.java:215)
at org.openqa.selenium.remote.service.DriverCommandExecutor.invokeExecute(DriverCommandExecutor.java:216)
at org.openqa.selenium.remote.service.DriverCommandExecutor.execute(DriverCommandExecutor.java:174)
at org.openqa.selenium.remote.RemoteWebDriver.execute(RemoteWebDriver.java:544)
at org.openqa.selenium.remote.RemoteWebElement.execute(RemoteWebElement.java:223)
at org.openqa.selenium.remote.RemoteWebElement.click(RemoteWebElement.java:76)
at java.base/jdk.internal.reflect.NativeMethodAccessorImpl.invoke0(Native Method)
at java.base/jdk.internal.reflect.NativeMethodAccessorImpl.invoke(NativeMethodAccessorImpl.java:77)
at java.base/jdk.internal.reflect.DelegatingMethodAccessorImpl.invoke(DelegatingMethodAccessorImpl.java:43)
at java.base/java.lang.reflect.Method.invoke(Method.java:568)
at org.openqa.selenium.support.pagefactory.internal.LocatingElementHandler.invoke(LocatingElementHandler.java:51)
at jdk.proxy2/jdk.proxy2.$Proxy9.click(Unknown Source)
at org.example.pages.SignupPage.scrollAndClickLogout(SignupPage.java:114)
at tests.SignupTest.testSuccessfulSignup(SignupTest.java:44)
at java.base/jdk.internal.reflect.NativeMethodAccessorImpl.invoke0(Native Method)
at java.base/jdk.internal.reflect.NativeMethodAccessorImpl.invoke(NativeMethodAccessorImpl.java:77)
at java.base/jdk.internal.reflect.DelegatingMethodAccessorImpl.invoke(DelegatingMethodAccessorImpl.java:43)
at java.base/java.lang.reflect.Method.invoke(Method.java:568)
at org.testng.internal.invokers.MethodInvocationHelper.invokeMethod(MethodInvocationHelper.java:141)
at org.testng.internal.invokers.TestInvoker.invokeMethod(TestInvoker.java:687)
at org.testng.internal.invokers.TestInvoker.invokeTestMethod(TestInvoker.java:230)
at org.testng.internal.invokers.MethodRunner.runInSequence(MethodRunner.java:63)
at org.testng.internal.invokers.TestInvoker$MethodInvocationAgent.invoke(TestInvoker.java:995)
at org.testng.internal.invokers.TestInvoker.invokeTestMethods(TestInvoker.java:203)
at org.testng.internal.invokers.TestMethodWorker.invokeTestMethods(TestMethodWorker.java:154)
at org.testng.internal.invokers.TestMethodWorker.run(TestMethodWorker.java:134)
at java.base/java.util.ArrayList.forEach(ArrayList.java:1511)
at org.testng.TestRunner.privateRun(TestRunner.java:741)
at org.testng.TestRunner.run(TestRunner.java:616)
at org.testng.SuiteRunner.runTest(SuiteRunner.java:421)
at org.testng.SuiteRunner.runSequentially(SuiteRunner.java:413)
at org.testng.SuiteRunner.privateRun(SuiteRunner.java:373)
at org.testng.SuiteRunner.run(SuiteRunner.java:312)
at org.testng.SuiteRunnerWorker.runSuite(SuiteRunnerWorker.java:52)
at org.testng.SuiteRunnerWorker.run(SuiteRunnerWorker.java:95)
at org.testng.TestNG.runSuitesSequentially(TestNG.java:1274)
at org.testng.TestNG.runSuitesLocally(TestNG.java:1208)
at org.testng.TestNG.runSuites(TestNG.java:1112)
at org.testng.TestNG.run(TestNG.java:1079)
at runners.TestRunner.main(TestRunner.java:19)
]]>
    </error>
  </testcase> <!-- testSuccessfulSignup -->
</testsuite> <!-- tests.SignupTest -->
